2026-04-10 15:55:13  [INFO    ]  Loading dataset …
2026-04-10 15:55:13  [INFO    ]  [Feature Engineering]
2026-04-10 15:55:13  [INFO    ]    + composite_dengue_triad  (sum of ['Fever_dw', 'Retroorbital pain_dw', 'Petechiae_dw'])
2026-04-10 15:55:13  [INFO    ]    + composite_chik_triad  (sum of ['Fever_dw', 'Arthralgia_dw', 'Arthritis_dw'])
2026-04-10 15:55:13  [INFO    ]    + composite_gi_score  (sum of ['Nausea_dw', 'Vomiting_dw'])
2026-04-10 15:55:13  [INFO    ]    + composite_musculo_score  (sum of ['Myalgia_dw', 'Arthralgia_dw', 'Arthritis_dw', 'Back Pain_dw'])
2026-04-10 15:55:13  [INFO    ]    + dur_x_Fever_dw
2026-04-10 15:55:13  [INFO    ]    + dur_x_bone_dw
2026-04-10 15:55:13  [INFO    ]    + dur_x_Arthralgia_dw
2026-04-10 15:55:13  [INFO    ]    + ix_Fever_dw_X_Retroorbital_pain_dw
2026-04-10 15:55:13  [INFO    ]    + ix_Fever_dw_X_Petechiae_dw
2026-04-10 15:55:13  [INFO    ]    + ix_Fever_dw_X_Arthralgia_dw
2026-04-10 15:55:13  [INFO    ]    + ix_Arthralgia_dw_X_Arthritis_dw
2026-04-10 15:55:13  [INFO    ]    + ix_Myalgia_dw_X_Back_Pain_dw
2026-04-10 15:55:13  [INFO    ]    + ix_Fever_dw_X_Rash_dw
2026-04-10 15:55:13  [INFO    ]    + ix_Nausea_dw_X_Vomiting_dw
2026-04-10 15:55:13  [INFO    ]    + ix_Retroorbital_pain_dw_X_Headache_dw
2026-04-10 15:55:13  [INFO    ]    Features: 28 → 43 (+15 engineered)
2026-04-10 15:55:13  [INFO    ]    Dataset  : 16126 rows × 43 features
2026-04-10 15:55:13  [INFO    ]    Classes  : [np.int64(0), np.int64(1), np.int64(2)] → [np.int64(0), np.int64(1), np.int64(2)]
2026-04-10 15:55:13  [INFO    ]    Counts   : {0: 5414, 1: 5420, 2: 5292}
2026-04-10 15:55:13  [INFO    ]    Split strategy: RANDOM (stratified)
2026-04-10 15:55:13  [INFO    ]    Train: 9675  Val: 3225  Test: 3226
2026-04-10 15:55:13  [INFO    ]  ============================================================
2026-04-10 15:55:13  [INFO    ]    FORWARD PASS
2026-04-10 15:55:13  [INFO    ]  ============================================================
2026-04-10 15:55:13  [INFO    ]    Feature masks: 30/43 per model
2026-04-10 15:55:13  [INFO    ]  
[Phase 1] OOF meta-features …
2026-04-10 15:55:13  [INFO    ]    ▸ RandomForest
2026-04-10 15:55:18  [INFO    ]      CV Acc: 0.5963 ± 0.0075
2026-04-10 15:55:18  [INFO    ]    ▸ GradientBoosting
2026-04-10 15:55:22  [INFO    ]      CV Acc: 0.6052 ± 0.0078
2026-04-10 15:55:22  [INFO    ]    ▸ HistGradientBoosting
2026-04-10 15:55:26  [INFO    ]      CV Acc: 0.6079 ± 0.0030
2026-04-10 15:55:26  [INFO    ]    ▸ CalibratedPolyLR
2026-04-10 15:55:36  [INFO    ]      CV Acc: 0.5944 ± 0.0064
2026-04-10 15:55:36  [INFO    ]    ▸ Bagging_DT
2026-04-10 15:55:42  [INFO    ]      CV Acc: 0.5966 ± 0.0066
2026-04-10 15:55:42  [INFO    ]    ▸ SVM_RBF
2026-04-10 15:56:40  [INFO    ]      CV Acc: 0.5943 ± 0.0064
2026-04-10 15:56:40  [INFO    ]    ▸ XGBoost
2026-04-10 15:56:42  [INFO    ]      CV Acc: 0.6099 ± 0.0040
2026-04-10 15:56:42  [INFO    ]    ▸ LightGBM
2026-04-10 15:56:43  [INFO    ]      CV Acc: 0.6118 ± 0.0062
2026-04-10 15:56:43  [INFO    ]    ▸ CatBoost
2026-04-10 15:56:45  [INFO    ]      CV Acc: 0.5955 ± 0.0053
2026-04-10 15:56:45  [INFO    ]  
[Phase 2] Final base learners (stratified bootstrap) …
2026-04-10 15:56:45  [INFO    ]    ▸ RandomForest
2026-04-10 15:56:46  [INFO    ]    ▸ GradientBoosting
2026-04-10 15:56:46  [INFO    ]    ▸ HistGradientBoosting
2026-04-10 15:56:47  [INFO    ]    ▸ CalibratedPolyLR
2026-04-10 15:56:50  [INFO    ]    ▸ Bagging_DT
2026-04-10 15:56:50  [INFO    ]    ▸ SVM_RBF
2026-04-10 15:57:00  [INFO    ]    ▸ XGBoost
2026-04-10 15:57:00  [INFO    ]    ▸ LightGBM
2026-04-10 15:57:00  [INFO    ]    ▸ CatBoost
2026-04-10 15:57:01  [INFO    ]  
[Phase 3] Training MLP meta-learner (64→32) …
2026-04-10 15:57:01  [INFO    ]    Meta MLP  lr=0.0005  epochs=400  hidden=(64,32)
2026-04-10 15:57:02  [INFO    ]    Train Acc: 0.6022  Val Acc: 0.5988
2026-04-10 15:57:02  [INFO    ]  
  ✔  Forward pass in 1.8 min
2026-04-10 15:57:08  [INFO    ]    Isotonic calibration fitted (OvR).
2026-04-10 15:57:08  [INFO    ]  
[Evaluation] Val set (3225 samples)
2026-04-10 15:57:11  [INFO    ]    accuracy              : 0.6260
2026-04-10 15:57:11  [INFO    ]    f1_macro              : 0.6205
2026-04-10 15:57:11  [INFO    ]    f1_weighted           : 0.6212
2026-04-10 15:57:11  [INFO    ]    precision_macro       : 0.6221
2026-04-10 15:57:11  [INFO    ]    recall_macro          : 0.6250
2026-04-10 15:57:11  [INFO    ]    roc_auc               : 0.7967
2026-04-10 15:57:11  [INFO    ]    log_loss              : 0.8264
2026-04-10 15:57:11  [INFO    ]    mcc                   : 0.4409
2026-04-10 15:57:11  [INFO    ]    cohen_kappa           : 0.4387
2026-04-10 15:57:11  [INFO    ]  
Classification Report:
              precision    recall  f1-score   support

           0       0.64      0.60      0.62      1083
           1       0.65      0.77      0.71      1084
           2       0.58      0.50      0.53      1058

    accuracy                           0.63      3225
   macro avg       0.62      0.63      0.62      3225
weighted avg       0.62      0.63      0.62      3225

2026-04-10 15:57:11  [INFO    ]  
[Evaluation] Test set (3226 samples)
2026-04-10 15:57:15  [INFO    ]    accuracy              : 0.6317
2026-04-10 15:57:15  [INFO    ]    f1_macro              : 0.6259
2026-04-10 15:57:15  [INFO    ]    f1_weighted           : 0.6266
2026-04-10 15:57:15  [INFO    ]    precision_macro       : 0.6274
2026-04-10 15:57:15  [INFO    ]    recall_macro          : 0.6307
2026-04-10 15:57:15  [INFO    ]    roc_auc               : 0.7994
2026-04-10 15:57:15  [INFO    ]    log_loss              : 0.8755
2026-04-10 15:57:15  [INFO    ]    mcc                   : 0.4496
2026-04-10 15:57:15  [INFO    ]    cohen_kappa           : 0.4473
2026-04-10 15:57:15  [INFO    ]  
Classification Report:
              precision    recall  f1-score   support

           0       0.64      0.60      0.62      1083
           1       0.66      0.79      0.72      1084
           2       0.59      0.50      0.54      1059

    accuracy                           0.63      3226
   macro avg       0.63      0.63      0.63      3226
weighted avg       0.63      0.63      0.63      3226

2026-04-10 15:57:21  [INFO    ]  [Feature Importance] Computing permutation importance …
2026-04-10 15:57:21  [INFO    ]  
[Permutation Importance] n_repeats=10 …
2026-04-10 16:28:10  [INFO    ]  Loading dataset …
2026-04-10 16:28:10  [INFO    ]    Dataset  : 16126 rows × 28 features
2026-04-10 16:28:10  [INFO    ]    Classes  : [np.int64(0), np.int64(1), np.int64(2)] → [np.int64(0), np.int64(1), np.int64(2)]
2026-04-10 16:28:10  [INFO    ]    Counts   : {0: 5414, 1: 5420, 2: 5292}
2026-04-10 16:28:14  [INFO    ]    Split strategy: RANDOM (stratified)
2026-04-10 16:28:14  [INFO    ]    Train: 9675  Val: 3225  Test: 3226
2026-04-10 16:29:19  [INFO    ]    [Optuna] Tuning RandomForest (50 trials) …
2026-04-10 16:30:55  [INFO    ]      Best RF: {'n_estimators': 223, 'max_depth': 14, 'min_samples_leaf': 10, 'max_features': 0.6469594071509868}  F1=0.6050
2026-04-10 16:30:55  [INFO    ]    [Optuna] Tuning HistGradientBoosting (50 trials) …
2026-04-10 16:32:51  [INFO    ]      Best HistGB: {'max_iter': 120, 'max_depth': 8, 'learning_rate': 0.029523559474401773, 'min_samples_leaf': 50, 'l2_regularization': 0.02913857598277493}  F1=0.6059
2026-04-10 16:35:26  [INFO    ]  ============================================================
2026-04-10 16:35:26  [INFO    ]    ABLATION STUDY  (Race + evidence scores)
2026-04-10 16:35:26  [INFO    ]  ============================================================
2026-04-10 16:35:27  [INFO    ]    full          n_feat= 28  macro F1 = 0.6001
2026-04-10 16:35:28  [INFO    ]    no_race       n_feat= 27  macro F1 = 0.5881
2026-04-10 16:35:29  [INFO    ]    no_evid       n_feat= 25  macro F1 = 0.6002
2026-04-10 16:35:29  [INFO    ]    core_only     n_feat= 24  macro F1 = 0.5888
2026-04-10 16:35:29  [INFO    ]  
  Delta vs full-feature baseline:
2026-04-10 16:35:29  [INFO    ]      full          ΔF1 = +0.0000
2026-04-10 16:35:29  [INFO    ]      no_race       ΔF1 = -0.0120
2026-04-10 16:35:29  [INFO    ]      no_evid       ΔF1 = +0.0002
2026-04-10 16:35:29  [INFO    ]      core_only     ΔF1 = -0.0113
2026-04-10 16:35:29  [INFO    ]    ✔  Evidence score impact = -0.000 (<5%). Safe to retain.
2026-04-10 16:35:29  [INFO    ]    ⚠  Race contributes 0.012 F1. Investigate.
2026-04-10 16:59:26  [INFO    ]  ============================================================
2026-04-10 16:59:26  [INFO    ]    FORWARD PASS
2026-04-10 16:59:26  [INFO    ]  ============================================================
2026-04-10 16:59:26  [INFO    ]    Feature masks: 20/28 per model
2026-04-10 16:59:26  [INFO    ]  
[Phase 1] OOF meta-features …
2026-04-10 16:59:26  [INFO    ]    ▸ RandomForest
2026-04-10 16:59:30  [INFO    ]      CV Acc: 0.6025 ± 0.0065
2026-04-10 16:59:30  [INFO    ]    ▸ GradientBoosting
2026-04-10 16:59:34  [INFO    ]      CV Acc: 0.5968 ± 0.0056
2026-04-10 16:59:34  [INFO    ]    ▸ HistGradientBoosting
2026-04-10 16:59:39  [INFO    ]      CV Acc: 0.5957 ± 0.0088
2026-04-10 16:59:39  [INFO    ]    ▸ CalibratedPolyLR
2026-04-10 16:59:44  [INFO    ]      CV Acc: 0.5984 ± 0.0025
2026-04-10 16:59:44  [INFO    ]    ▸ Bagging_DT
2026-04-10 16:59:51  [INFO    ]      CV Acc: 0.6083 ± 0.0077
2026-04-10 16:59:51  [INFO    ]    ▸ SVM_RBF
2026-04-10 17:00:57  [INFO    ]      CV Acc: 0.5966 ± 0.0048
2026-04-10 17:00:57  [INFO    ]    ▸ XGBoost
2026-04-10 17:00:58  [INFO    ]      CV Acc: 0.6074 ± 0.0052
2026-04-10 17:00:58  [INFO    ]    ▸ LightGBM
2026-04-10 17:00:59  [INFO    ]      CV Acc: 0.5946 ± 0.0140
2026-04-10 17:00:59  [INFO    ]    ▸ CatBoost
2026-04-10 17:01:01  [INFO    ]      CV Acc: 0.6025 ± 0.0068
2026-04-10 17:01:01  [INFO    ]  
[Phase 2] Final base learners (stratified bootstrap) …
2026-04-10 17:01:01  [INFO    ]    ▸ RandomForest
2026-04-10 17:01:01  [INFO    ]    ▸ GradientBoosting
2026-04-10 17:01:02  [INFO    ]    ▸ HistGradientBoosting
2026-04-10 17:01:03  [INFO    ]    ▸ CalibratedPolyLR
2026-04-10 17:01:04  [INFO    ]    ▸ Bagging_DT
2026-04-10 17:01:04  [INFO    ]    ▸ SVM_RBF
2026-04-10 17:01:11  [INFO    ]    ▸ XGBoost
2026-04-10 17:01:11  [INFO    ]    ▸ LightGBM
2026-04-10 17:01:11  [INFO    ]    ▸ CatBoost
2026-04-10 17:01:12  [INFO    ]  
[Phase 3] Training MLP meta-learner (64→32) …
2026-04-10 17:01:12  [INFO    ]    Meta MLP  lr=0.0005  epochs=400  hidden=(64,32)
2026-04-10 17:01:13  [INFO    ]    Train Acc: 0.6055  Val Acc: 0.5997
2026-04-10 17:01:13  [INFO    ]  
  ✔  Forward pass in 1.8 min
2026-04-10 17:01:19  [INFO    ]    Isotonic calibration fitted (OvR).
2026-04-10 17:01:19  [INFO    ]  
[Evaluation] Val set (3225 samples)
2026-04-10 17:01:22  [INFO    ]    accuracy              : 0.6115
2026-04-10 17:01:22  [INFO    ]    f1_macro              : 0.6056
2026-04-10 17:01:22  [INFO    ]    f1_weighted           : 0.6064
2026-04-10 17:01:22  [INFO    ]    precision_macro       : 0.6064
2026-04-10 17:01:22  [INFO    ]    recall_macro          : 0.6103
2026-04-10 17:01:22  [INFO    ]    roc_auc               : 0.7925
2026-04-10 17:01:22  [INFO    ]    log_loss              : 0.8327
2026-04-10 17:01:22  [INFO    ]    mcc                   : 0.4187
2026-04-10 17:01:22  [INFO    ]    cohen_kappa           : 0.4168
2026-04-10 17:01:22  [INFO    ]  
Classification Report:
              precision    recall  f1-score   support

           0       0.62      0.62      0.62      1083
           1       0.64      0.75      0.69      1084
           2       0.56      0.46      0.51      1058

    accuracy                           0.61      3225
   macro avg       0.61      0.61      0.61      3225
weighted avg       0.61      0.61      0.61      3225

2026-04-10 17:01:22  [INFO    ]  
[Evaluation] Test set (3226 samples)
2026-04-10 17:01:24  [INFO    ]    accuracy              : 0.6370
2026-04-10 17:01:24  [INFO    ]    f1_macro              : 0.6302
2026-04-10 17:01:24  [INFO    ]    f1_weighted           : 0.6310
2026-04-10 17:01:24  [INFO    ]    precision_macro       : 0.6329
2026-04-10 17:01:24  [INFO    ]    recall_macro          : 0.6358
2026-04-10 17:01:24  [INFO    ]    roc_auc               : 0.7997
2026-04-10 17:01:24  [INFO    ]    log_loss              : 0.8864
2026-04-10 17:01:24  [INFO    ]    mcc                   : 0.4580
2026-04-10 17:01:24  [INFO    ]    cohen_kappa           : 0.4551
2026-04-10 17:01:24  [INFO    ]  
Classification Report:
              precision    recall  f1-score   support

           0       0.64      0.64      0.64      1083
           1       0.66      0.79      0.72      1084
           2       0.60      0.48      0.53      1059

    accuracy                           0.64      3226
   macro avg       0.63      0.64      0.63      3226
weighted avg       0.63      0.64      0.63      3226

2026-04-10 17:01:52  [INFO    ]  [Feature Importance] Computing permutation importance …
2026-04-10 17:01:52  [INFO    ]  
[Permutation Importance] n_repeats=10 …
2026-04-10 17:03:56  [INFO    ]    Model saved → C:\Users\Quoc Thai\Downloads\ML\HealthcareSystemForDengueFever\artifacts\model\stacking_improved_20260410_155513.pkl
