2026-04-06 04:05:02  [INFO    ]  Loading dataset …
2026-04-06 04:05:02  [INFO    ]    Dataset  : 16126 rows × 28 features
2026-04-06 04:05:02  [INFO    ]    Classes  : [np.int64(0), np.int64(1), np.int64(2)] → [np.int64(0), np.int64(1), np.int64(2)]
2026-04-06 04:05:02  [INFO    ]    Class counts: {0: 5414, 1: 5420, 2: 5292}
2026-04-06 04:05:02  [INFO    ]    Train: 9675  Val: 3225  Test: 3226
2026-04-06 04:05:02  [INFO    ]    Chart saved → C:\Users\Quoc Thai\Downloads\ML\HealthcareSystemForDengueFever\artifacts\charts\00_architecture_20260406_040502.png
2026-04-06 04:05:02  [INFO    ]  ====================================================================
2026-04-06 04:05:02  [INFO    ]    FORWARD PASS — Portable Stacking Pipeline
2026-04-06 04:05:02  [INFO    ]  ====================================================================
2026-04-06 04:05:02  [INFO    ]    Feature masks assigned: 20/28 features per model
2026-04-06 04:05:02  [INFO    ]  
[Phase 1] Generating OOF meta-features …
2026-04-06 04:05:02  [INFO    ]    ▸ RandomForest
2026-04-06 04:05:07  [INFO    ]      CV Acc: 0.6012 ± 0.0065
2026-04-06 04:05:07  [INFO    ]    ▸ ExtraTrees
2026-04-06 04:05:08  [INFO    ]      CV Acc: 0.6035 ± 0.0032
2026-04-06 04:05:08  [INFO    ]    ▸ GradientBoosting
2026-04-06 04:05:11  [INFO    ]      CV Acc: 0.5859 ± 0.0070
2026-04-06 04:05:11  [INFO    ]    ▸ HistGradientBoosting
2026-04-06 04:05:12  [INFO    ]      CV Acc: 0.6111 ± 0.0117
2026-04-06 04:05:12  [INFO    ]    ▸ CalibratedPolyLR
2026-04-06 04:05:16  [INFO    ]      CV Acc: 0.5975 ± 0.0059
2026-04-06 04:05:16  [INFO    ]    ▸ Bagging_DT
2026-04-06 04:05:21  [INFO    ]      CV Acc: 0.6061 ± 0.0069
2026-04-06 04:05:21  [INFO    ]    ▸ SVM_RBF
2026-04-06 04:06:23  [INFO    ]      CV Acc: 0.5980 ± 0.0062
2026-04-06 04:06:23  [INFO    ]    ▸ MLP
2026-04-06 04:06:28  [INFO    ]      CV Acc: 0.5961 ± 0.0127
2026-04-06 04:06:28  [INFO    ]    ▸ SGD_Log
2026-04-06 04:06:29  [INFO    ]      CV Acc: 0.5737 ± 0.0086
2026-04-06 04:06:29  [INFO    ]  
[Phase 2] Training final base learners on stratified bootstrap …
2026-04-06 04:06:29  [INFO    ]    ▸ RandomForest
2026-04-06 04:06:30  [INFO    ]    ▸ ExtraTrees
2026-04-06 04:06:30  [INFO    ]    ▸ GradientBoosting
2026-04-06 04:06:31  [INFO    ]    ▸ HistGradientBoosting
2026-04-06 04:06:31  [INFO    ]    ▸ CalibratedPolyLR
2026-04-06 04:06:32  [INFO    ]    ▸ Bagging_DT
2026-04-06 04:06:32  [INFO    ]    ▸ SVM_RBF
2026-04-06 04:06:42  [INFO    ]    ▸ MLP
2026-04-06 04:06:44  [INFO    ]    ▸ SGD_Log
2026-04-06 04:06:44  [INFO    ]  
[Phase 3] Training meta learner …
2026-04-06 04:06:44  [INFO    ]    Optimiser : ADAM
2026-04-06 04:06:44  [INFO    ]    lr=0.005  epochs=120  batch=256
2026-04-06 04:06:44  [INFO    ]    Meta Train Acc: 0.6042  Val Acc: 0.6143
2026-04-06 04:06:44  [INFO    ]  
  ✔  Forward pass complete in 1.7 min
2026-04-06 04:06:44  [INFO    ]    Chart saved → C:\Users\Quoc Thai\Downloads\ML\HealthcareSystemForDengueFever\artifacts\charts\01_cv_scores_20260406_040502.png
2026-04-06 04:06:44  [INFO    ]    Chart saved → C:\Users\Quoc Thai\Downloads\ML\HealthcareSystemForDengueFever\artifacts\charts\02_loss_curve_20260406_040502.png
2026-04-06 04:06:44  [INFO    ]  
[Evaluation] on Val set (3225 samples)
2026-04-06 04:06:48  [INFO    ]    Accuracy       : 0.6087
2026-04-06 04:06:48  [INFO    ]    F1 (macro)     : 0.6061
2026-04-06 04:06:48  [INFO    ]    F1 (weighted)  : 0.6065
2026-04-06 04:06:48  [INFO    ]    ROC-AUC (OvR)  : 0.7851
2026-04-06 04:06:48  [INFO    ]    Log-Loss       : 0.8641
2026-04-06 04:06:48  [INFO    ]    MCC            : 0.4166
2026-04-06 04:06:48  [INFO    ]    Cohen κ        : 0.4133
2026-04-06 04:06:48  [INFO    ]  
Classification Report:
              precision    recall  f1-score   support

           0       0.67      0.50      0.57      1083
           1       0.66      0.74      0.70      1084
           2       0.52      0.58      0.55      1058

    accuracy                           0.61      3225
   macro avg       0.61      0.61      0.61      3225
weighted avg       0.62      0.61      0.61      3225

2026-04-06 04:06:48  [INFO    ]  
[Evaluation] on Test set (3226 samples)
2026-04-06 04:06:52  [INFO    ]    Accuracy       : 0.6218
2026-04-06 04:06:52  [INFO    ]    F1 (macro)     : 0.6188
2026-04-06 04:06:52  [INFO    ]    F1 (weighted)  : 0.6192
2026-04-06 04:06:52  [INFO    ]    ROC-AUC (OvR)  : 0.7983
2026-04-06 04:06:52  [INFO    ]    Log-Loss       : 0.8423
2026-04-06 04:06:52  [INFO    ]    MCC            : 0.4375
2026-04-06 04:06:52  [INFO    ]    Cohen κ        : 0.4330
2026-04-06 04:06:52  [INFO    ]  
Classification Report:
              precision    recall  f1-score   support

           0       0.69      0.50      0.58      1083
           1       0.67      0.75      0.71      1084
           2       0.53      0.62      0.57      1059

    accuracy                           0.62      3226
   macro avg       0.63      0.62      0.62      3226
weighted avg       0.63      0.62      0.62      3226

2026-04-06 04:06:52  [INFO    ]    Chart saved → C:\Users\Quoc Thai\Downloads\ML\HealthcareSystemForDengueFever\artifacts\charts\03_confusion_matrix_test_20260406_040502.png
2026-04-06 04:06:52  [INFO    ]    Chart saved → C:\Users\Quoc Thai\Downloads\ML\HealthcareSystemForDengueFever\artifacts\charts\05_meta_weights_20260406_040502.png
2026-04-06 04:06:53  [INFO    ]    Chart saved → C:\Users\Quoc Thai\Downloads\ML\HealthcareSystemForDengueFever\artifacts\charts\06_learning_curve_20260406_040502.png
2026-04-06 04:06:58  [INFO    ]    Chart saved → C:\Users\Quoc Thai\Downloads\ML\HealthcareSystemForDengueFever\artifacts\charts\07_calibration_20260406_040502.png
2026-04-06 04:06:58  [INFO    ]  
[Feature Importance]
2026-04-06 04:06:58  [INFO    ]  
[Permutation Importance] Computing on full test set (3226 samples, n_repeats=5) …
2026-04-06 04:07:59  [INFO    ]    Chart saved → C:\Users\Quoc Thai\Downloads\ML\HealthcareSystemForDengueFever\artifacts\charts\04_feature_importance_20260406_040502.png
2026-04-06 04:07:59  [INFO    ]  
[PREDICT] Sample predictions: [0 1 1 2 1]
2026-04-06 04:07:59  [INFO    ]            True labels       : [2 2 2 2 2]
2026-04-06 04:07:59  [INFO    ]    Sample 0: pred=0  proba=[0.599 0.04  0.362]
2026-04-06 04:07:59  [INFO    ]    Sample 1: pred=1  proba=[0.109 0.464 0.427]
2026-04-06 04:07:59  [INFO    ]    Sample 2: pred=1  proba=[0.105 0.766 0.129]
2026-04-06 04:07:59  [INFO    ]    Sample 3: pred=2  proba=[0.087 0.34  0.573]
2026-04-06 04:07:59  [INFO    ]    Sample 4: pred=1  proba=[0.12  0.731 0.148]
2026-04-06 04:07:59  [INFO    ]    Model saved → C:\Users\Quoc Thai\Downloads\ML\HealthcareSystemForDengueFever\artifacts\model\stacking_model_portable_20260406_040502.pkl
2026-04-06 04:07:59  [INFO    ]    JSON log → C:\Users\Quoc Thai\Downloads\ML\HealthcareSystemForDengueFever\artifacts\logs\results_portable_20260406_040502.json
2026-04-06 04:07:59  [INFO    ]  
====================================================================
2026-04-06 04:07:59  [INFO    ]    FINAL SUMMARY
2026-04-06 04:07:59  [INFO    ]  ====================================================================
2026-04-06 04:07:59  [INFO    ]    Stacking Test Accuracy  : 0.6218
2026-04-06 04:07:59  [INFO    ]    Stacking F1 (macro)     : 0.6188
2026-04-06 04:07:59  [INFO    ]    Stacking ROC-AUC (OvR)  : 0.7983
2026-04-06 04:07:59  [INFO    ]    Stacking MCC            : 0.4375
2026-04-06 04:07:59  [INFO    ]    Stacking Cohen κ        : 0.4330
2026-04-06 04:07:59  [INFO    ]  ====================================================================
